DEBUG:discord.client:on_ready has successfully been registered as an event
DEBUG:discord.client:on_message has successfully been registered as an event
INFO:discord.client:logging in using static token
DEBUG:discord.http:GET https://discord.com/api/v7/users/@me with None has returned 200
DEBUG:discord.http:GET https://discord.com/api/v7/users/@me has received {'id': '804799067564539954', 'username': 'ComRed', 'avatar': '01a25fe9ccce027334f339a71c3bb62b', 'discriminator': '3294', 'public_flags': 0, 'flags': 0, 'bot': True, 'email': None, 'verified': True, 'locale': 'en-US', 'mfa_enabled': False}
DEBUG:discord.http:GET https://discord.com/api/v7/gateway with None has returned 200
DEBUG:discord.http:GET https://discord.com/api/v7/gateway has received {'url': 'wss://gateway.discord.gg'}
DEBUG:discord.gateway:Created websocket connected to wss://gateway.discord.gg?encoding=json&v=6&compress=zlib-stream
DEBUG:discord.client:Dispatching event socket_raw_receive
DEBUG:discord.gateway:For Shard ID None: WebSocket Event: {'t': None, 's': None, 'op': 10, 'd': {'heartbeat_interval': 41250, '_trace': ['["gateway-prd-main-6rz6",{"micros":0.0}]']}}
DEBUG:discord.client:Dispatching event socket_response
DEBUG:discord.client:Dispatching event socket_raw_send
DEBUG:discord.client:Dispatching event socket_raw_send
INFO:discord.gateway:Shard ID None has sent the IDENTIFY payload.
DEBUG:discord.client:Dispatching event socket_raw_receive
DEBUG:discord.gateway:For Shard ID None: WebSocket Event: {'t': None, 's': None, 'op': 11, 'd': None}
DEBUG:discord.client:Dispatching event socket_response
DEBUG:discord.client:Dispatching event socket_raw_receive
DEBUG:discord.gateway:For Shard ID None: WebSocket Event: {'t': 'READY', 's': 1, 'op': 0, 'd': {'v': 6, 'user_settings': {}, 'user': {'verified': True, 'username': 'ComRed', 'mfa_enabled': False, 'id': '804799067564539954', 'flags': 0, 'email': None, 'discriminator': '3294', 'bot': True, 'avatar': '01a25fe9ccce027334f339a71c3bb62b'}, 'session_id': 'a4e33f8823abc4cd7697a8b5d023a82e', 'relationships': [], 'private_channels': [], 'presences': [], 'guilds': [{'unavailable': True, 'id': '559401464032788490'}, {'unavailable': True, 'id': '805464273396564038'}], 'guild_join_requests': [], 'geo_ordered_rtc_regions': ['india', 'hongkong', 'singapore', 'japan', 'russia'], 'application': {'id': '804799067564539954', 'flags': 0}, '_trace': ['["gateway-prd-main-6rz6",{"micros":171209,"calls":["discord-sessions-prd-2-57",{"micros":169144,"calls":["start_session",{"micros":140635,"calls":["api-prd-main-7xn2",{"micros":137166,"calls":["get_user",{"micros":25848},"add_authorized_ip",{"micros":17296},"get_guilds",{"micros":11114},"coros_wait",{"micros":1}]}]},"guilds_connect",{"micros":2,"calls":[]},"presence_connect",{"micros":23968,"calls":[]}]}]}]']}}
DEBUG:discord.client:Dispatching event socket_response
INFO:discord.gateway:Shard ID None has connected to Gateway: ["gateway-prd-main-6rz6",{"micros":171209,"calls":["discord-sessions-prd-2-57",{"micros":169144,"calls":["start_session",{"micros":140635,"calls":["api-prd-main-7xn2",{"micros":137166,"calls":["get_user",{"micros":25848},"add_authorized_ip",{"micros":17296},"get_guilds",{"micros":11114},"coros_wait",{"micros":1}]}]},"guilds_connect",{"micros":2,"calls":[]},"presence_connect",{"micros":23968,"calls":[]}]}]}] (Session ID: a4e33f8823abc4cd7697a8b5d023a82e).
DEBUG:discord.client:Dispatching event connect
DEBUG:discord.client:Dispatching event socket_raw_receive
DEBUG:discord.gateway:For Shard ID None: WebSocket Event: {'t': 'GUILD_CREATE', 's': 2, 'op': 0, 'd': {'description': None, 'application_id': None, 'afk_channel_id': '763519704945131521', 'features': [], 'member_count': 21, 'public_updates_channel_id': None, 'rules_channel_id': None, 'lazy': True, 'banner': None, 'premium_tier': 0, 'members': [{'user': {'username': 'ComRed', 'id': '804799067564539954', 'discriminator': '3294', 'bot': True, 'avatar': '01a25fe9ccce027334f339a71c3bb62b'}, 'roles': ['805495811029860362'], 'premium_since': None, 'pending': False, 'nick': None, 'mute': False, 'joined_at': '2021-01-31T17:57:44.504462+00:00', 'is_pending': False, 'hoisted_role': None, 'deaf': False}], 'name': 'Daaber Pani', 'presences': [], 'default_message_notifications': 0, 'emojis': [{'roles': [], 'require_colons': True, 'name': 'SeriousMinaj', 'managed': False, 'id': '759090708605960233', 'available': True, 'animated': False}], 'region': 'india', 'large': False, 'verification_level': 0, 'channels': [{'type': 4, 'position': 0, 'permission_overwrites': [], 'name': 'Text Channels', 'id': '559401464032788492'}, {'type': 0, 'topic': None, 'rate_limit_per_user': 0, 'position': 0, 'permission_overwrites': [], 'parent_id': '559401464032788492', 'name': 'lobby', 'last_message_id': '805497180026175528', 'id': '559401464477253632'}, {'type': 4, 'position': 1, 'permission_overwrites': [], 'name': 'Voice Channel', 'id': '692856914962415656'}, {'user_limit': 0, 'type': 2, 'position': 0, 'permission_overwrites': [], 'parent_id': '692856914962415656', 'name': 'Lobby', 'id': '692857495546364025', 'bitrate': 64000}, {'type': 4, 'position': 4, 'permission_overwrites': [], 'name': 'Podcast', 'id': '692858138487161003'}, {'type': 0, 'topic': None, 'rate_limit_per_user': 0, 'position': 6, 'permission_overwrites': [], 'parent_id': '692858138487161003', 'name': 'bhoot-fm', 'last_message_id': '759452614794149950', 'id': '692858220418564206'}, {'user_limit': 0, 'type': 2, 'position': 8, 'permission_overwrites': [], 'parent_id': '692858138487161003', 'name': 'Bhoot FM', 'id': '692858301041344574', 'bitrate': 64000}, {'type': 4, 'position': 2, 'permission_overwrites': [], 'name': 'Music Bot Commands', 'id': '692858447141797888'}, {'type': 0, 'topic': None, 'rate_limit_per_user': 0, 'position': 2, 'permission_overwrites': [], 'parent_id': '692858447141797888', 'name': 'rythm-bot-commands', 'last_message_id': None, 'id': '692858572211486792'}, {'type': 0, 'topic': None, 'rate_limit_per_user': 0, 'position': 3, 'permission_overwrites': [], 'parent_id': '692858447141797888', 'name': 'fred-bot-commands', 'last_message_id': '693118806247211090', 'id': '692859520963051522'}, {'type': 0, 'topic': None, 'rate_limit_per_user': 0, 'position': 4, 'permission_overwrites': [], 'parent_id': '692858447141797888', 'name': 'groovy-bot-commands', 'last_message_id': '722211869406003293', 'id': '692859607839670343'}, {'type': 0, 'topic': None, 'rate_limit_per_user': 0, 'position': 5, 'permission_overwrites': [], 'parent_id': '692858447141797888', 'name': 'vexera-bot-commands', 'last_message_id': None, 'id': '692859678144725013'}, {'type': 4, 'position': 3, 'permission_overwrites': [], 'name': 'Gaming (Voice Chat)', 'id': '692859785476964462'}, {'type': 0, 'topic': None, 'rate_limit_per_user': 0, 'position': 1, 'permission_overwrites': [], 'parent_id': '559401464032788492', 'name': 'among-us-code', 'last_message_id': '767770818573762591', 'id': '759331299508092928'}, {'user_limit': 0, 'type': 2, 'position': 3, 'permission_overwrites': [], 'parent_id': '692859785476964462', 'name': 'Among Us', 'id': '759331578618445824', 'bitrate': 64000}, {'user_limit': 0, 'type': 2, 'position': 4, 'permission_overwrites': [], 'parent_id': '692859785476964462', 'name': 'PUBG Mobile', 'id': '759331740358541313', 'bitrate': 64000}, {'user_limit': 0, 'type': 2, 'position': 5, 'permission_overwrites': [], 'parent_id': '692859785476964462', 'name': 'COD Mobile', 'id': '759331814975733780', 'bitrate': 64000}, {'user_limit': 0, 'type': 2, 'position': 6, 'permission_overwrites': [], 'parent_id': '692859785476964462', 'name': 'Rocket League', 'id': '759331883842273283', 'bitrate': 64000}, {'user_limit': 0, 'type': 2, 'position': 7, 'permission_overwrites': [], 'parent_id': '692859785476964462', 'name': 'CS:GO', 'id': '759356176369582080', 'bitrate': 64000}, {'type': 4, 'position': 5, 'permission_overwrites': [], 'name': 'AFK', 'id': '763519642618560523'}, {'user_limit': 0, 'type': 2, 'position': 9, 'permission_overwrites': [], 'parent_id': '763519642618560523', 'name': 'Ghumaitese', 'id': '763519704945131521', 'bitrate': 64000}, {'user_limit': 0, 'type': 2, 'position': 1, 'permission_overwrites': [], 'parent_id': '692856914962415656', 'name': 'Music', 'id': '763519855201878056', 'bitrate': 64000}, {'user_limit': 0, 'type': 2, 'position': 2, 'permission_overwrites': [], 'parent_id': '692856914962415656', 'name': 'Theater', 'id': '763519943781253171', 'bitrate': 64000}, {'type': 0, 'topic': None, 'rate_limit_per_user': 0, 'position': 7, 'permission_overwrites': [{'type': 'role', 'id': '559401464032788490', 'deny_new': '805829713', 'deny': 805829713, 'allow_new': '0', 'allow': 0}, {'type': 'role', 'id': '805495811029860362', 'deny_new': '0', 'deny': 0, 'allow_new': '515136', 'allow': 515136}], 'parent_id': '559401464032788492', 'nsfw': False, 'name': 'sanaf-bhai-er-laboratory', 'last_message_id': '805516168033992734', 'id': '805495732031324190'}], 'mfa_level': 0, 'system_channel_flags': 0, 'owner_id': '480432701191618590', 'max_video_channel_users': 25, 'discovery_splash': None, 'premium_subscription_count': 0, 'explicit_content_filter': 0, 'afk_timeout': 3600, 'roles': [{'position': 0, 'permissions_new': '1110957632', 'permissions': 1110957632, 'name': '@everyone', 'mentionable': False, 'managed': False, 'id': '559401464032788490', 'hoist': False, 'color': 0}, {'position': 2, 'permissions_new': '1110957632', 'permissions': 1110957632, 'name': 'Admin', 'mentionable': True, 'managed': False, 'id': '760140980967440396', 'hoist': True, 'color': 10038562}, {'tags': {'bot_id': '270904126974590976'}, 'position': 3, 'permissions_new': '2147483639', 'permissions': 2147483639, 'name': 'Dank Memer', 'mentionable': False, 'managed': True, 'id': '761561020799647765', 'hoist': False, 'color': 0}, {'position': 1, 'permissions_new': '1110957632', 'permissions': 1110957632, 'name': 'Researcher', 'mentionable': False, 'managed': False, 'id': '805495811029860362', 'hoist': False, 'color': 15105570}], 'system_channel_id': '559401464477253632', 'guild_hashes': {'version': 1, 'roles': {'omitted': False, 'hash': 'gWc4H1uEdxA'}, 'metadata': {'omitted': False, 'hash': 'sn0RQfoG740'}, 'channels': {'omitted': False, 'hash': 'Xo0Q2FURDgg'}}, 'unavailable': False, 'preferred_locale': 'en-US', 'vanity_url_code': None, 'splash': None, 'threads': [], 'icon': '056ca5a2261c8f7e013ec510b77c5e4c', 'id': '559401464032788490', 'voice_states': [], 'max_members': 100000, 'joined_at': '2021-01-31T17:57:44.504462+00:00'}}
DEBUG:discord.client:Dispatching event socket_response
DEBUG:discord.client:Dispatching event socket_raw_receive
DEBUG:discord.gateway:For Shard ID None: WebSocket Event: {'t': 'GUILD_CREATE', 's': 3, 'op': 0, 'd': {'description': None, 'application_id': None, 'afk_channel_id': None, 'features': [], 'member_count': 7, 'public_updates_channel_id': None, 'rules_channel_id': None, 'lazy': True, 'banner': None, 'premium_tier': 0, 'members': [{'user': {'username': 'ComRed', 'id': '804799067564539954', 'discriminator': '3294', 'bot': True, 'avatar': '01a25fe9ccce027334f339a71c3bb62b'}, 'roles': ['805475814115639296', '805476181708767283', '805465761576517653'], 'premium_since': None, 'pending': False, 'nick': None, 'mute': False, 'joined_at': '2021-01-31T15:53:22.419069+00:00', 'is_pending': False, 'hoisted_role': '805475814115639296', 'deaf': False}], 'name': 'Xperiment', 'presences': [], 'default_message_notifications': 0, 'emojis': [], 'region': 'india', 'large': False, 'verification_level': 0, 'channels': [{'type': 4, 'position': 0, 'permission_overwrites': [], 'name': 'Text Channels', 'id': '805464273396564039'}, {'type': 4, 'position': 0, 'permission_overwrites': [], 'name': 'Voice Channels', 'id': '805464273396564040'}, {'type': 0, 'topic': None, 'rate_limit_per_user': 0, 'position': 0, 'permission_overwrites': [], 'parent_id': '805464273396564039', 'name': 'general', 'last_message_id': '805792507950268416', 'id': '805464273396564041'}, {'user_limit': 0, 'type': 2, 'position': 0, 'permission_overwrites': [], 'parent_id': '805464273396564040', 'name': 'General', 'id': '805464273396564042', 'bitrate': 64000}], 'mfa_level': 0, 'system_channel_flags': 0, 'owner_id': '723478906266452011', 'max_video_channel_users': 25, 'discovery_splash': None, 'premium_subscription_count': 0, 'explicit_content_filter': 0, 'afk_timeout': 300, 'roles': [{'position': 0, 'permissions_new': '104320577', 'permissions': 104320577, 'name': '@everyone', 'mentionable': False, 'managed': False, 'id': '805464273396564038', 'hoist': False, 'color': 0}, {'tags': {'bot_id': '235088799074484224'}, 'position': 3, 'permissions_new': '8', 'permissions': 8, 'name': 'Rythm', 'mentionable': False, 'managed': True, 'id': '805464907012374529', 'hoist': False, 'color': 0}, {'tags': {'bot_id': '804799067564539954'}, 'position': 2, 'permissions_new': '8', 'permissions': 8, 'name': 'yoyo69', 'mentionable': False, 'managed': True, 'id': '805465761576517653', 'hoist': False, 'color': 0}, {'position': 4, 'permissions_new': '2146959359', 'permissions': 2146959359, 'name': 'Nunu kata pori', 'mentionable': True, 'managed': False, 'id': '805475814115639296', 'hoist': True, 'color': 15138816}, {'position': 1, 'permissions_new': '104320577', 'permissions': 104320577, 'name': 'DJ', 'mentionable': False, 'managed': False, 'id': '805476181708767283', 'hoist': False, 'color': 10181046}], 'system_channel_id': '805464273396564041', 'guild_hashes': {'version': 1, 'roles': {'omitted': False, 'hash': 'jkZdw/LbYBY'}, 'metadata': {'omitted': False, 'hash': 'Vge15fDs0c4'}, 'channels': {'omitted': False, 'hash': '4am0F8Wd3WM'}}, 'unavailable': False, 'preferred_locale': 'en-US', 'vanity_url_code': None, 'splash': None, 'threads': [], 'icon': '0b3c472eca69623a1423db6cf888da74', 'id': '805464273396564038', 'voice_states': [], 'max_members': 100000, 'joined_at': '2021-01-31T15:53:22.419069+00:00'}}
DEBUG:discord.client:Dispatching event socket_response
DEBUG:discord.client:Dispatching event guild_available
DEBUG:discord.client:Dispatching event guild_available
DEBUG:discord.client:Dispatching event ready
INFO:discord.client:logging in using static token
INFO:discord.gateway:Shard ID None has sent the IDENTIFY payload.
INFO:discord.gateway:Shard ID None has connected to Gateway: ["gateway-prd-main-zvwd",{"micros":93886,"calls":["discord-sessions-prd-2-67",{"micros":92176,"calls":["start_session",{"micros":23180,"calls":["api-prd-main-z0f3",{"micros":20880,"calls":["get_user",{"micros":2015},"add_authorized_ip",{"micros":1320},"get_guilds",{"micros":1726},"coros_wait",{"micros":0}]}]},"guilds_connect",{"micros":2,"calls":[]},"presence_connect",{"micros":37491,"calls":[]}]}]}] (Session ID: dc93d2e0a998d7341727377a4b7bd67e).
INFO:discord.client:logging in using static token
INFO:discord.gateway:Shard ID None has sent the IDENTIFY payload.
INFO:discord.gateway:Shard ID None has connected to Gateway: ["gateway-prd-main-gwgr",{"micros":125435,"calls":["discord-sessions-prd-2-34",{"micros":123515,"calls":["start_session",{"micros":95851,"calls":["api-prd-main-9nrr",{"micros":93551,"calls":["get_user",{"micros":7252},"add_authorized_ip",{"micros":4233},"get_guilds",{"micros":12080},"coros_wait",{"micros":2}]}]},"guilds_connect",{"micros":1,"calls":[]},"presence_connect",{"micros":9374,"calls":[]}]}]}] (Session ID: 53f23054f43f0936906151fe26bb95cd).
INFO:root:Query: coco
Sending: img\tmp1535iwgbnvhzwhgygotw.jpg
----------------------------------------------------------------
INFO:root:Query: coco
Sending: img\tmp626oacjitxeosxaxjgj.jpg
----------------------------------------------------------------
INFO:root:Query: coco
Sending: img\tmp2594agrixrkpltabwxnx.jpg
----------------------------------------------------------------
INFO:root:Query: coco
Sending: img\tmp2845gbouaowimmbogbbg.jpg
----------------------------------------------------------------
INFO:root:Query: coco
Sending: img\tmp515lkbnxmosqzkyhihw.jpg
----------------------------------------------------------------
INFO:discord.client:logging in using static token
INFO:discord.gateway:Shard ID None has sent the IDENTIFY payload.
INFO:discord.gateway:Shard ID None has connected to Gateway: ["gateway-prd-main-nx51",{"micros":43140,"calls":["discord-sessions-prd-2-70",{"micros":41037,"calls":["start_session",{"micros":30734,"calls":["api-prd-main-1lpr",{"micros":28178,"calls":["get_user",{"micros":2731},"add_authorized_ip",{"micros":1548},"get_guilds",{"micros":1604},"coros_wait",{"micros":1}]}]},"guilds_connect",{"micros":2,"calls":[]},"presence_connect",{"micros":1,"calls":[]}]}]}] (Session ID: 296742fa06031d0031bbe34f6a6b0841).
INFO:root:Query: toto
Sending: img\tmp2668jytwsrqlfqfypftx.jpg
----------------------------------------------------------------
INFO:discord.client:logging in using static token
INFO:discord.gateway:Shard ID None has sent the IDENTIFY payload.
INFO:discord.gateway:Shard ID None has connected to Gateway: ["gateway-prd-main-l9jq",{"micros":58658,"calls":["discord-sessions-prd-2-126",{"micros":57211,"calls":["start_session",{"micros":32059,"calls":["api-prd-main-qp7c",{"micros":29320,"calls":["get_user",{"micros":2492},"add_authorized_ip",{"micros":1665},"get_guilds",{"micros":2891},"coros_wait",{"micros":1}]}]},"guilds_connect",{"micros":2,"calls":[]},"presence_connect",{"micros":21570,"calls":[]}]}]}] (Session ID: 787de511b30f8bb12c92bb750895aa51).
INFO:discord.client:logging in using static token
INFO:discord.gateway:Shard ID None has sent the IDENTIFY payload.
INFO:discord.gateway:Shard ID None has connected to Gateway: ["gateway-prd-main-rb6c",{"micros":57304,"calls":["discord-sessions-prd-2-122",{"micros":54076,"calls":["start_session",{"micros":41471,"calls":["api-prd-main-brh5",{"micros":39180,"calls":["get_user",{"micros":4313},"add_authorized_ip",{"micros":2971},"get_guilds",{"micros":1919},"coros_wait",{"micros":1}]}]},"guilds_connect",{"micros":2,"calls":[]},"presence_connect",{"micros":5625,"calls":[]}]}]}] (Session ID: dbafd26c988952976b75c6350172da75).
INFO:discord.client:logging in using static token
INFO:discord.gateway:Shard ID None has sent the IDENTIFY payload.
INFO:discord.gateway:Shard ID None has connected to Gateway: ["gateway-prd-main-cxzk",{"micros":105573,"calls":["discord-sessions-prd-2-146",{"micros":102243,"calls":["start_session",{"micros":90761,"calls":["api-prd-main-0hwk",{"micros":87020,"calls":["get_user",{"micros":7613},"add_authorized_ip",{"micros":14462},"get_guilds",{"micros":6280},"coros_wait",{"micros":0}]}]},"guilds_connect",{"micros":2,"calls":[]},"presence_connect",{"micros":9020,"calls":[]}]}]}] (Session ID: 357c56f813a19b972d10ee962d90d056).
INFO:discord.client:logging in using static token
INFO:discord.gateway:Shard ID None has sent the IDENTIFY payload.
INFO:discord.gateway:Shard ID None has connected to Gateway: ["gateway-prd-main-tmbj",{"micros":83290,"calls":["discord-sessions-prd-2-131",{"micros":81400,"calls":["start_session",{"micros":30910,"calls":["api-prd-main-j7qr",{"micros":28055,"calls":["get_user",{"micros":2788},"add_authorized_ip",{"micros":1557},"get_guilds",{"micros":4102},"coros_wait",{"micros":0}]}]},"guilds_connect",{"micros":2,"calls":[]},"presence_connect",{"micros":20664,"calls":[]}]}]}] (Session ID: 40e7946afacbfbcc1c3d42faafd15f75).
INFO:discord.client:logging in using static token
INFO:discord.gateway:Shard ID None has sent the IDENTIFY payload.
INFO:discord.gateway:Shard ID None has connected to Gateway: ["gateway-prd-main-l9jq",{"micros":73391,"calls":["discord-sessions-prd-2-1",{"micros":71289,"calls":["start_session",{"micros":38932,"calls":["api-prd-main-3l83",{"micros":35889,"calls":["get_user",{"micros":5727},"add_authorized_ip",{"micros":1874},"get_guilds",{"micros":2635},"coros_wait",{"micros":2}]}]},"guilds_connect",{"micros":2,"calls":[]},"presence_connect",{"micros":10463,"calls":[]}]}]}] (Session ID: fa732116a9e5160370d4d33fef0362a9).
INFO:discord.client:logging in using static token
INFO:discord.gateway:Shard ID None has sent the IDENTIFY payload.
INFO:discord.gateway:Shard ID None has connected to Gateway: ["gateway-prd-main-qhtw",{"micros":104760,"calls":["discord-sessions-prd-2-48",{"micros":101830,"calls":["start_session",{"micros":72817,"calls":["api-prd-main-f60t",{"micros":69776,"calls":["get_user",{"micros":15600},"add_authorized_ip",{"micros":9589},"get_guilds",{"micros":7036},"coros_wait",{"micros":3}]}]},"guilds_connect",{"micros":2,"calls":[]},"presence_connect",{"micros":21960,"calls":[]}]}]}] (Session ID: 05d01827610f655cd8ede838acca2525).
INFO:discord.client:logging in using static token
INFO:discord.gateway:Shard ID None has sent the IDENTIFY payload.
INFO:discord.gateway:Shard ID None has connected to Gateway: ["gateway-prd-main-ck0r",{"micros":51826,"calls":["discord-sessions-prd-2-119",{"micros":47195,"calls":["start_session",{"micros":31343,"calls":["api-prd-main-qp7c",{"micros":28761,"calls":["get_user",{"micros":3043},"add_authorized_ip",{"micros":1472},"get_guilds",{"micros":1772},"coros_wait",{"micros":1}]}]},"guilds_connect",{"micros":2,"calls":[]},"presence_connect",{"micros":14870,"calls":[]}]}]}] (Session ID: 755fd26f166300d7aa88e97116bb5283).
INFO:discord.client:logging in using static token
INFO:discord.gateway:Shard ID None has sent the IDENTIFY payload.
INFO:discord.gateway:Shard ID None has connected to Gateway: ["gateway-prd-main-lf78",{"micros":63747,"calls":["discord-sessions-prd-2-146",{"micros":61737,"calls":["start_session",{"micros":57954,"calls":["api-prd-main-kt73",{"micros":54875,"calls":["get_user",{"micros":4534},"add_authorized_ip",{"micros":4653},"get_guilds",{"micros":7332},"coros_wait",{"micros":1}]}]},"guilds_connect",{"micros":1,"calls":[]},"presence_connect",{"micros":1850,"calls":[]}]}]}] (Session ID: 2708bd0e9176678c619840a17f777807).
INFO:discord.client:logging in using static token
INFO:discord.gateway:Shard ID None has sent the IDENTIFY payload.
INFO:discord.gateway:Shard ID None has connected to Gateway: ["gateway-prd-main-j4x7",{"micros":46032,"calls":["discord-sessions-prd-2-144",{"micros":44152,"calls":["start_session",{"micros":37003,"calls":["api-prd-main-1lpr",{"micros":34496,"calls":["get_user",{"micros":3794},"add_authorized_ip",{"micros":1590},"get_guilds",{"micros":2217},"coros_wait",{"micros":1}]}]},"guilds_connect",{"micros":2,"calls":[]},"presence_connect",{"micros":3757,"calls":[]}]}]}] (Session ID: a41647a5a89c181c9a87f51ed52ab4bc).
INFO:discord.client:logging in using static token
INFO:discord.client:Cleaning up tasks.
INFO:discord.client:Closing the event loop.
INFO:discord.client:logging in using static token
INFO:discord.client:Cleaning up tasks.
INFO:discord.client:Closing the event loop.
INFO:discord.client:logging in using static token
INFO:discord.client:Cleaning up tasks.
INFO:discord.client:Closing the event loop.
INFO:discord.client:logging in using static token
INFO:discord.gateway:Shard ID None has sent the IDENTIFY payload.
INFO:discord.gateway:Shard ID None has connected to Gateway: ["gateway-prd-main-z0q0",{"micros":111414,"calls":["discord-sessions-prd-2-74",{"micros":109470,"calls":["start_session",{"micros":76478,"calls":["api-prd-main-40bl",{"micros":72211,"calls":["get_user",{"micros":6282},"add_authorized_ip",{"micros":11618},"get_guilds",{"micros":6778},"coros_wait",{"micros":2}]}]},"guilds_connect",{"micros":2,"calls":[]},"presence_connect",{"micros":22743,"calls":[]}]}]}] (Session ID: 30d54bfa9d528da6bc976e76583ff512).
INFO:discord.client:logging in using static token
INFO:discord.gateway:Shard ID None has sent the IDENTIFY payload.
INFO:discord.gateway:Shard ID None has connected to Gateway: ["gateway-prd-main-w599",{"micros":74877,"calls":["discord-sessions-prd-2-32",{"micros":72687,"calls":["start_session",{"micros":34298,"calls":["api-prd-main-t3q4",{"micros":31303,"calls":["get_user",{"micros":3264},"add_authorized_ip",{"micros":1610},"get_guilds",{"micros":1494},"coros_wait",{"micros":1}]}]},"guilds_connect",{"micros":2,"calls":[]},"presence_connect",{"micros":32839,"calls":[]}]}]}] (Session ID: cf993f8c92ded91f31858ad067bf2d90).
INFO:discord.client:logging in using static token
INFO:discord.gateway:Shard ID None has sent the IDENTIFY payload.
INFO:discord.gateway:Shard ID None has connected to Gateway: ["gateway-prd-main-qfvk",{"micros":64292,"calls":["discord-sessions-prd-2-70",{"micros":62997,"calls":["start_session",{"micros":48034,"calls":["api-prd-main-ztnc",{"micros":41557,"calls":["get_user",{"micros":5058},"add_authorized_ip",{"micros":1698},"get_guilds",{"micros":4249},"coros_wait",{"micros":2}]}]},"guilds_connect",{"micros":2,"calls":[]},"presence_connect",{"micros":13146,"calls":[]}]}]}] (Session ID: 9d690e004d38db467115e883ffc61670).
INFO:discord.client:logging in using static token
INFO:discord.client:Cleaning up tasks.
INFO:discord.client:Closing the event loop.
INFO:discord.client:logging in using static token
INFO:discord.gateway:Shard ID None has sent the IDENTIFY payload.
INFO:discord.gateway:Shard ID None has connected to Gateway: ["gateway-prd-main-r5zd",{"micros":56313,"calls":["discord-sessions-prd-2-13",{"micros":53713,"calls":["start_session",{"micros":25398,"calls":["api-prd-main-lm62",{"micros":23221,"calls":["get_user",{"micros":2035},"add_authorized_ip",{"micros":1296},"get_guilds",{"micros":4256},"coros_wait",{"micros":0}]}]},"guilds_connect",{"micros":1,"calls":[]},"presence_connect",{"micros":26929,"calls":[]}]}]}] (Session ID: 193edd1f32949ea03b7ce5a7e3c98452).
INFO:discord.client:logging in using static token
INFO:discord.gateway:Shard ID None has sent the IDENTIFY payload.
INFO:discord.gateway:Shard ID None has connected to Gateway: ["gateway-prd-main-th7w",{"micros":81723,"calls":["discord-sessions-prd-2-84",{"micros":80053,"calls":["start_session",{"micros":56893,"calls":["api-prd-main-5mq6",{"micros":53612,"calls":["get_user",{"micros":2180},"add_authorized_ip",{"micros":2567},"get_guilds",{"micros":8581},"coros_wait",{"micros":0}]}]},"guilds_connect",{"micros":2,"calls":[]},"presence_connect",{"micros":13879,"calls":[]}]}]}] (Session ID: 5407047a12eeed8393e5bbeb9e2c8eeb).
ERROR:root:unsupported operand type(s) for +: 'int' and 'str'
ERROR:root:unsupported operand type(s) for +: 'int' and 'str'
ERROR:root:unsupported operand type(s) for +: 'int' and 'str'
INFO:discord.client:logging in using static token
INFO:discord.gateway:Shard ID None has sent the IDENTIFY payload.
INFO:discord.gateway:Shard ID None has connected to Gateway: ["gateway-prd-main-s65n",{"micros":100972,"calls":["discord-sessions-prd-2-88",{"micros":99707,"calls":["start_session",{"micros":83246,"calls":["api-prd-main-62vk",{"micros":73920,"calls":["get_user",{"micros":5945},"add_authorized_ip",{"micros":8131},"get_guilds",{"micros":18159},"coros_wait",{"micros":1}]}]},"guilds_connect",{"micros":1,"calls":[]},"presence_connect",{"micros":14988,"calls":[]}]}]}] (Session ID: 6e20e6a1c7b367538bf288fd99f8ddbd).
ERROR:root:unsupported operand type(s) for +: 'int' and 'str'
INFO:discord.client:logging in using static token
INFO:discord.gateway:Shard ID None has sent the IDENTIFY payload.
INFO:discord.gateway:Shard ID None has connected to Gateway: ["gateway-prd-main-d8bm",{"micros":131469,"calls":["discord-sessions-prd-2-62",{"micros":125796,"calls":["start_session",{"micros":84662,"calls":["api-prd-main-775x",{"micros":82049,"calls":["get_user",{"micros":3775},"add_authorized_ip",{"micros":15704},"get_guilds",{"micros":15604},"coros_wait",{"micros":1}]}]},"guilds_connect",{"micros":2,"calls":[]},"presence_connect",{"micros":29503,"calls":[]}]}]}] (Session ID: 3e86e0181cbf2c734306e9b108304e80).
ERROR:root:unsupported operand type(s) for +: 'int' and 'str'
INFO:discord.client:logging in using static token
INFO:discord.gateway:Shard ID None has sent the IDENTIFY payload.
INFO:discord.gateway:Shard ID None has connected to Gateway: ["gateway-prd-main-nwmd",{"micros":56865,"calls":["discord-sessions-prd-2-132",{"micros":54705,"calls":["start_session",{"micros":48612,"calls":["api-prd-main-j362",{"micros":42912,"calls":["get_user",{"micros":5085},"add_authorized_ip",{"micros":2882},"get_guilds",{"micros":5527},"coros_wait",{"micros":1}]}]},"guilds_connect",{"micros":2,"calls":[]},"presence_connect",{"micros":5087,"calls":[]}]}]}] (Session ID: 85f7221cc214c88ed42f7c1007ce35fe).
ERROR:root:unsupported operand type(s) for +: 'int' and 'str'
ERROR:root:unsupported operand type(s) for +: 'int' and 'str'
INFO:discord.client:logging in using static token
INFO:discord.gateway:Shard ID None has sent the IDENTIFY payload.
INFO:discord.gateway:Shard ID None has connected to Gateway: ["gateway-prd-main-xwf7",{"micros":98067,"calls":["discord-sessions-prd-2-45",{"micros":94755,"calls":["start_session",{"micros":68291,"calls":["api-prd-main-7rzd",{"micros":65243,"calls":["get_user",{"micros":10086},"add_authorized_ip",{"micros":3176},"get_guilds",{"micros":18777},"coros_wait",{"micros":1}]}]},"guilds_connect",{"micros":1,"calls":[]},"presence_connect",{"micros":10056,"calls":[]}]}]}] (Session ID: bd9b8cfd1b7dd49c7c9d539cfaf1f4f0).
ERROR:root:unsupported operand type(s) for +: 'int' and 'str'
ERROR:root:unsupported operand type(s) for +: 'int' and 'str'
ERROR:root:unsupported operand type(s) for +: 'int' and 'str'
INFO:discord.client:logging in using static token
INFO:discord.gateway:Shard ID None has sent the IDENTIFY payload.
INFO:discord.gateway:Shard ID None has connected to Gateway: ["gateway-prd-main-pck2",{"micros":116699,"calls":["discord-sessions-prd-2-89",{"micros":111552,"calls":["start_session",{"micros":73529,"calls":["api-prd-main-6pvt",{"micros":70604,"calls":["get_user",{"micros":2659},"add_authorized_ip",{"micros":1500},"get_guilds",{"micros":47294},"coros_wait",{"micros":0}]}]},"guilds_connect",{"micros":1,"calls":[]},"presence_connect",{"micros":15901,"calls":[]}]}]}] (Session ID: 39d3b1b99fef47d9b9a949b02db19f8b).
ERROR:root:cannot switch from manual field specification to automatic field numbering
INFO:discord.client:logging in using static token
INFO:discord.gateway:Shard ID None has sent the IDENTIFY payload.
INFO:discord.gateway:Shard ID None has connected to Gateway: ["gateway-prd-main-7z8z",{"micros":63922,"calls":["discord-sessions-prd-2-40",{"micros":60047,"calls":["start_session",{"micros":35299,"calls":["api-prd-main-jl87",{"micros":31079,"calls":["get_user",{"micros":2720},"add_authorized_ip",{"micros":1490},"get_guilds",{"micros":8821},"coros_wait",{"micros":2}]}]},"guilds_connect",{"micros":1,"calls":[]},"presence_connect",{"micros":10864,"calls":[]}]}]}] (Session ID: 7859064d2f1937026c828ddcb596e299).
ERROR:root:'Asset' object has no attribute 'split'
INFO:discord.client:logging in using static token
INFO:discord.gateway:Shard ID None has sent the IDENTIFY payload.
INFO:discord.gateway:Shard ID None has connected to Gateway: ["gateway-prd-main-b5tn",{"micros":91243,"calls":["discord-sessions-prd-2-12",{"micros":87464,"calls":["start_session",{"micros":38162,"calls":["api-prd-main-nc56",{"micros":35462,"calls":["get_user",{"micros":2718},"add_authorized_ip",{"micros":4083},"get_guilds",{"micros":5388},"coros_wait",{"micros":1}]}]},"guilds_connect",{"micros":1,"calls":[]},"presence_connect",{"micros":33309,"calls":[]}]}]}] (Session ID: c038a72cc2688e76e21f781c4d7f6903).
ERROR:root:cannot switch from manual field specification to automatic field numbering
INFO:discord.client:logging in using static token
INFO:discord.gateway:Shard ID None has sent the IDENTIFY payload.
INFO:discord.gateway:Shard ID None has connected to Gateway: ["gateway-prd-main-nxhw",{"micros":88845,"calls":["discord-sessions-prd-2-19",{"micros":84715,"calls":["start_session",{"micros":63737,"calls":["api-prd-main-4tkk",{"micros":58438,"calls":["get_user",{"micros":7986},"add_authorized_ip",{"micros":7512},"get_guilds",{"micros":7956},"coros_wait",{"micros":1}]}]},"guilds_connect",{"micros":2,"calls":[]},"presence_connect",{"micros":13216,"calls":[]}]}]}] (Session ID: b9ddbab2462fdd484b7346232d89b2a5).
ERROR:root:cannot switch from manual field specification to automatic field numbering
ERROR:root:cannot switch from manual field specification to automatic field numbering
ERROR:root:cannot switch from manual field specification to automatic field numbering
ERROR:root:cannot switch from manual field specification to automatic field numbering
ERROR:root:cannot switch from manual field specification to automatic field numbering
ERROR:root:cannot switch from manual field specification to automatic field numbering
ERROR:root:cannot switch from manual field specification to automatic field numbering
ERROR:root:cannot switch from manual field specification to automatic field numbering
INFO:discord.client:logging in using static token
INFO:discord.gateway:Shard ID None has sent the IDENTIFY payload.
INFO:discord.gateway:Shard ID None has connected to Gateway: ["gateway-prd-main-zvwd",{"micros":155054,"calls":["discord-sessions-prd-2-37",{"micros":153371,"calls":["start_session",{"micros":78672,"calls":["api-prd-main-nddc",{"micros":75707,"calls":["get_user",{"micros":2664},"add_authorized_ip",{"micros":5256},"get_guilds",{"micros":14478},"coros_wait",{"micros":1}]}]},"guilds_connect",{"micros":1,"calls":[]},"presence_connect",{"micros":49855,"calls":[]}]}]}] (Session ID: 34bea6cd3e28c1d7ed89c9b5745698e4).
ERROR:root:cannot switch from manual field specification to automatic field numbering
INFO:root:Query: coco
Sending: img\tmp3075bcpgjdpsuhigyoks.jpg
----------------------------------------------------------------
ERROR:root:cannot switch from manual field specification to automatic field numbering
INFO:root:Query: coco
Sending: img\tmp152oieutsyqwqzhfcgu.jpg
----------------------------------------------------------------
ERROR:root:cannot switch from manual field specification to automatic field numbering
INFO:root:Query: coco
Sending: img\tmp3524mrudwtjrjwvtvzia.jpg
----------------------------------------------------------------
ERROR:root:cannot switch from manual field specification to automatic field numbering
INFO:root:Query: coco
Sending: img\tmp450itffihipnjgrktpe.jpg
----------------------------------------------------------------
ERROR:root:cannot switch from manual field specification to automatic field numbering
INFO:root:Query: coco
Sending: img\tmp2556pgocgbgzzoewcwum.jpg
----------------------------------------------------------------
ERROR:root:cannot switch from manual field specification to automatic field numbering
INFO:discord.client:logging in using static token
INFO:discord.gateway:Shard ID None has sent the IDENTIFY payload.
INFO:discord.gateway:Shard ID None has connected to Gateway: ["gateway-prd-main-8c2t",{"micros":71906,"calls":["discord-sessions-prd-2-21",{"micros":70894,"calls":["start_session",{"micros":54946,"calls":["api-prd-main-qsqq",{"micros":50858,"calls":["get_user",{"micros":10087},"add_authorized_ip",{"micros":1907},"get_guilds",{"micros":6551},"coros_wait",{"micros":1}]}]},"guilds_connect",{"micros":2,"calls":[]},"presence_connect",{"micros":11545,"calls":[]}]}]}] (Session ID: eca6dacc6c0f274918efa28f632acab7).
ERROR:root:cannot switch from manual field specification to automatic field numbering
INFO:discord.client:logging in using static token
INFO:discord.gateway:Shard ID None has sent the IDENTIFY payload.
INFO:discord.gateway:Shard ID None has connected to Gateway: ["gateway-prd-main-vb6b",{"micros":61432,"calls":["discord-sessions-prd-2-31",{"micros":59159,"calls":["start_session",{"micros":32343,"calls":["api-prd-main-wfr6",{"micros":29392,"calls":["get_user",{"micros":3112},"add_authorized_ip",{"micros":1528},"get_guilds",{"micros":5499},"coros_wait",{"micros":1}]}]},"guilds_connect",{"micros":2,"calls":[]},"presence_connect",{"micros":1,"calls":[]}]}]}] (Session ID: d97b57b2bd0bbaa85eb4a7ba462b774a).
ERROR:root:cannot switch from manual field specification to automatic field numbering
ERROR:root:cannot switch from manual field specification to automatic field numbering
INFO:discord.client:logging in using static token
INFO:discord.gateway:Shard ID None has sent the IDENTIFY payload.
INFO:discord.gateway:Shard ID None has connected to Gateway: ["gateway-prd-main-9p65",{"micros":114984,"calls":["discord-sessions-prd-2-14",{"micros":111625,"calls":["start_session",{"micros":84787,"calls":["api-prd-main-5ggs",{"micros":82060,"calls":["get_user",{"micros":2171},"add_authorized_ip",{"micros":1535},"get_guilds",{"micros":4985},"coros_wait",{"micros":0}]}]},"guilds_connect",{"micros":1,"calls":[]},"presence_connect",{"micros":10817,"calls":[]}]}]}] (Session ID: c5006392835f645d0b9893afa5ec864a).
ERROR:root:cannot switch from manual field specification to automatic field numbering
ERROR:root:cannot switch from manual field specification to automatic field numbering
ERROR:root:cannot switch from manual field specification to automatic field numbering
ERROR:root:cannot switch from manual field specification to automatic field numbering
INFO:discord.client:logging in using static token
INFO:discord.gateway:Shard ID None has sent the IDENTIFY payload.
INFO:discord.gateway:Shard ID None has connected to Gateway: ["gateway-prd-main-mq5b",{"micros":77707,"calls":["discord-sessions-prd-2-140",{"micros":75981,"calls":["start_session",{"micros":65088,"calls":["api-prd-main-jvll",{"micros":54300,"calls":["get_user",{"micros":3926},"add_authorized_ip",{"micros":4196},"get_guilds",{"micros":9402},"coros_wait",{"micros":1}]}]},"guilds_connect",{"micros":1,"calls":[]},"presence_connect",{"micros":5953,"calls":[]}]}]}] (Session ID: f90212473ac834ec4eddb6261ea38c30).
ERROR:root:cannot switch from manual field specification to automatic field numbering
INFO:discord.client:logging in using static token
INFO:discord.gateway:Shard ID None has sent the IDENTIFY payload.
INFO:discord.gateway:Shard ID None has connected to Gateway: ["gateway-prd-main-vb6b",{"micros":100419,"calls":["discord-sessions-prd-2-135",{"micros":99054,"calls":["start_session",{"micros":98158,"calls":["api-prd-main-p35m",{"micros":90966,"calls":["get_user",{"micros":8720},"add_authorized_ip",{"micros":4619},"get_guilds",{"micros":21826},"coros_wait",{"micros":1}]}]},"guilds_connect",{"micros":2,"calls":[]},"presence_connect",{"micros":1,"calls":[]}]}]}] (Session ID: f3da8d79949ecf1c73f422da4790125c).
ERROR:root:cannot switch from manual field specification to automatic field numbering
INFO:discord.client:logging in using static token
INFO:discord.gateway:Shard ID None has sent the IDENTIFY payload.
INFO:discord.gateway:Shard ID None has connected to Gateway: ["gateway-prd-main-j5dn",{"micros":66593,"calls":["discord-sessions-prd-2-53",{"micros":64866,"calls":["start_session",{"micros":46455,"calls":["api-prd-main-ts7v",{"micros":43096,"calls":["get_user",{"micros":6144},"add_authorized_ip",{"micros":2824},"get_guilds",{"micros":8140},"coros_wait",{"micros":1}]}]},"guilds_connect",{"micros":2,"calls":[]},"presence_connect",{"micros":9758,"calls":[]}]}]}] (Session ID: 9ff57a487384f0520c8d681d177c68ab).
ERROR:root:cannot switch from manual field specification to automatic field numbering
ERROR:root:cannot switch from manual field specification to automatic field numbering
INFO:discord.client:logging in using static token
INFO:discord.gateway:Shard ID None has sent the IDENTIFY payload.
INFO:discord.gateway:Shard ID None has connected to Gateway: ["gateway-prd-main-5k6v",{"micros":85222,"calls":["discord-sessions-prd-2-75",{"micros":84229,"calls":["start_session",{"micros":59289,"calls":["api-prd-main-6pvt",{"micros":56354,"calls":["get_user",{"micros":4936},"add_authorized_ip",{"micros":1407},"get_guilds",{"micros":2970},"coros_wait",{"micros":0}]}]},"guilds_connect",{"micros":2,"calls":[]},"presence_connect",{"micros":10883,"calls":[]}]}]}] (Session ID: 517c966a8bd50293da011c0499fb56b1).
ERROR:root:cannot switch from manual field specification to automatic field numbering
ERROR:root:cannot switch from manual field specification to automatic field numbering
ERROR:root:cannot switch from manual field specification to automatic field numbering
INFO:discord.client:logging in using static token
INFO:discord.gateway:Shard ID None has sent the IDENTIFY payload.
INFO:discord.client:logging in using static token
INFO:discord.gateway:Shard ID None has sent the IDENTIFY payload.
INFO:discord.gateway:Shard ID None has connected to Gateway: ["gateway-prd-main-qsms",{"micros":69663,"calls":["discord-sessions-prd-2-39",{"micros":64360,"calls":["start_session",{"micros":31303,"calls":["api-prd-main-wh0m",{"micros":27689,"calls":["get_user",{"micros":2278},"add_authorized_ip",{"micros":1539},"get_guilds",{"micros":4776},"coros_wait",{"micros":1}]}]},"guilds_connect",{"micros":3,"calls":[]},"presence_connect",{"micros":29727,"calls":[]}]}]}] (Session ID: 0c0bd773de2b0d3936607f27cfc5f988).
ERROR:root:cannot switch from manual field specification to automatic field numbering
ERROR:root:cannot switch from manual field specification to automatic field numbering
ERROR:root:'Message' object has no attribute 'server'
INFO:discord.client:logging in using static token
INFO:discord.gateway:Shard ID None has sent the IDENTIFY payload.
INFO:discord.gateway:Shard ID None has connected to Gateway: ["gateway-prd-main-vbhs",{"micros":81642,"calls":["discord-sessions-prd-2-134",{"micros":80592,"calls":["start_session",{"micros":46269,"calls":["api-prd-main-2hv0",{"micros":43639,"calls":["get_user",{"micros":2569},"add_authorized_ip",{"micros":6476},"get_guilds",{"micros":6991},"coros_wait",{"micros":1}]}]},"guilds_connect",{"micros":1,"calls":[]},"presence_connect",{"micros":13979,"calls":[]}]}]}] (Session ID: bfabee9654863f14fed1d89c87050037).
ERROR:root:cannot switch from manual field specification to automatic field numbering
ERROR:root:cannot switch from manual field specification to automatic field numbering
ERROR:root:'TextChannel' object has no attribute 'get_member'
INFO:discord.client:logging in using static token
INFO:discord.gateway:Shard ID None has sent the IDENTIFY payload.
INFO:discord.gateway:Shard ID None has connected to Gateway: ["gateway-prd-main-bdsz",{"micros":56290,"calls":["discord-sessions-prd-2-144",{"micros":54426,"calls":["start_session",{"micros":48358,"calls":["api-prd-main-lfrn",{"micros":45221,"calls":["get_user",{"micros":3051},"add_authorized_ip",{"micros":4092},"get_guilds",{"micros":5671},"coros_wait",{"micros":2}]}]},"guilds_connect",{"micros":2,"calls":[]},"presence_connect",{"micros":1,"calls":[]}]}]}] (Session ID: 6e9052e575aa81482147c6da8a0212c9).
INFO:discord.client:logging in using static token
INFO:discord.gateway:Shard ID None has sent the IDENTIFY payload.
INFO:discord.gateway:Shard ID None has connected to Gateway: ["gateway-prd-main-vbhs",{"micros":124003,"calls":["discord-sessions-prd-2-116",{"micros":121258,"calls":["start_session",{"micros":116038,"calls":["api-prd-main-q6wc",{"micros":113298,"calls":["get_user",{"micros":5347},"add_authorized_ip",{"micros":11574},"get_guilds",{"micros":19135},"coros_wait",{"micros":1}]}]},"guilds_connect",{"micros":2,"calls":[]},"presence_connect",{"micros":1813,"calls":[]}]}]}] (Session ID: c40b31153d5f9e3b4abf5d783abe849f).
INFO:discord.client:logging in using static token
INFO:discord.gateway:Shard ID None has sent the IDENTIFY payload.
INFO:discord.gateway:Shard ID None has connected to Gateway: ["gateway-prd-main-th7w",{"micros":77924,"calls":["discord-sessions-prd-2-124",{"micros":75358,"calls":["start_session",{"micros":31812,"calls":["api-prd-main-tgvn",{"micros":29152,"calls":["get_user",{"micros":2460},"add_authorized_ip",{"micros":1568},"get_guilds",{"micros":5513},"coros_wait",{"micros":1}]}]},"guilds_connect",{"micros":2,"calls":[]},"presence_connect",{"micros":40452,"calls":[]}]}]}] (Session ID: e82debcb5c96588abd50912d5d98f624).
INFO:discord.client:logging in using static token
INFO:discord.gateway:Shard ID None has sent the IDENTIFY payload.
INFO:discord.gateway:Shard ID None has connected to Gateway: ["gateway-prd-main-p6t7",{"micros":46571,"calls":["discord-sessions-prd-2-56",{"micros":40996,"calls":["start_session",{"micros":33376,"calls":["api-prd-main-z10w",{"micros":31038,"calls":["get_user",{"micros":2614},"add_authorized_ip",{"micros":1855},"get_guilds",{"micros":5105},"coros_wait",{"micros":1}]}]},"guilds_connect",{"micros":2,"calls":[]},"presence_connect",{"micros":1,"calls":[]}]}]}] (Session ID: a9927ed285cef6cc7ea3e06865316566).
INFO:discord.client:logging in using static token
INFO:discord.gateway:Shard ID None has sent the IDENTIFY payload.
INFO:discord.gateway:Shard ID None has connected to Gateway: ["gateway-prd-main-dl7c",{"micros":95535,"calls":["discord-sessions-prd-2-3",{"micros":94380,"calls":["start_session",{"micros":49061,"calls":["api-prd-main-khbl",{"micros":44425,"calls":["get_user",{"micros":6586},"add_authorized_ip",{"micros":1779},"get_guilds",{"micros":4525},"coros_wait",{"micros":0}]}]},"guilds_connect",{"micros":2,"calls":[]},"presence_connect",{"micros":14442,"calls":[]}]}]}] (Session ID: 9361764a115250c6e9eae5561abb4043).
INFO:discord.client:logging in using static token
INFO:discord.gateway:Shard ID None has sent the IDENTIFY payload.
INFO:discord.gateway:Shard ID None has connected to Gateway: ["gateway-prd-main-f7zt",{"micros":102510,"calls":["discord-sessions-prd-2-92",{"micros":98688,"calls":["start_session",{"micros":28719,"calls":["api-prd-main-8l4h",{"micros":26158,"calls":["get_user",{"micros":1973},"add_authorized_ip",{"micros":1543},"get_guilds",{"micros":3612},"coros_wait",{"micros":0}]}]},"guilds_connect",{"micros":2,"calls":[]},"presence_connect",{"micros":1,"calls":[]}]}]}] (Session ID: 39067999db624a0a3d569841c21a9776).
INFO:discord.client:logging in using static token
INFO:discord.gateway:Shard ID None has sent the IDENTIFY payload.
INFO:discord.gateway:Shard ID None has connected to Gateway: ["gateway-prd-main-sln0",{"micros":58702,"calls":["discord-sessions-prd-2-23",{"micros":57668,"calls":["start_session",{"micros":50333,"calls":["api-prd-main-37rp",{"micros":47596,"calls":["get_user",{"micros":6278},"add_authorized_ip",{"micros":1809},"get_guilds",{"micros":4746},"coros_wait",{"micros":0}]}]},"guilds_connect",{"micros":1,"calls":[]},"presence_connect",{"micros":1,"calls":[]}]}]}] (Session ID: 3927db5921bf98a38d6666647b0874d0).
INFO:discord.client:logging in using static token
INFO:discord.gateway:Shard ID None has sent the IDENTIFY payload.
INFO:discord.gateway:Shard ID None has connected to Gateway: ["gateway-prd-main-pl9j",{"micros":43812,"calls":["discord-sessions-prd-2-81",{"micros":42767,"calls":["start_session",{"micros":32000,"calls":["api-prd-main-sc9j",{"micros":29595,"calls":["get_user",{"micros":5665},"add_authorized_ip",{"micros":1708},"get_guilds",{"micros":3894},"coros_wait",{"micros":0}]}]},"guilds_connect",{"micros":2,"calls":[]},"presence_connect",{"micros":2,"calls":[]}]}]}] (Session ID: 8e5f44b02e75f3eafaa300257f294541).
